  main.cpp
C:\Users\mihai\source\repos\HTable\ConsoleApplication1\sorttable.h(22,27): warning C4018: <: несоответствие типов со знаком и без знака
C:\Users\mihai\source\repos\HTable\ConsoleApplication1\sorttable.h(24,31): warning C4018: <: несоответствие типов со знаком и без знака
C:\Users\mihai\source\repos\HTable\ConsoleApplication1\sorttable.h(38,30): warning C4018: <: несоответствие типов со знаком и без знака
C:\Users\mihai\source\repos\HTable\ConsoleApplication1\sorttable.h(64,27): warning C4018: <: несоответствие типов со знаком и без знака
C:\Users\mihai\source\repos\HTable\ConsoleApplication1\sorttable.h(94,20): warning C4101: res: неиспользованная локальная переменная
C:\Users\mihai\source\repos\HTable\ConsoleApplication1\sorttable.h(136,26): warning C4101: tmpi: неиспользованная локальная переменная
C:\Users\mihai\source\repos\HTable\ConsoleApplication1\sorttable.h(175,31): warning C4018: <: несоответствие типов со знаком и без знака
C:\Users\mihai\source\repos\HTable\ConsoleApplication1\sorttable.h(187,27): warning C4018: <: несоответствие типов со знаком и без знака
  sorttable.h
C:\Users\mihai\source\repos\HTable\ConsoleApplication1\sorttable.h(22,27): warning C4018: <: несоответствие типов со знаком и без знака
C:\Users\mihai\source\repos\HTable\ConsoleApplication1\sorttable.h(24,31): warning C4018: <: несоответствие типов со знаком и без знака
C:\Users\mihai\source\repos\HTable\ConsoleApplication1\sorttable.h(38,30): warning C4018: <: несоответствие типов со знаком и без знака
C:\Users\mihai\source\repos\HTable\ConsoleApplication1\sorttable.h(64,27): warning C4018: <: несоответствие типов со знаком и без знака
C:\Users\mihai\source\repos\HTable\ConsoleApplication1\sorttable.h(94,20): warning C4101: res: неиспользованная локальная переменная
C:\Users\mihai\source\repos\HTable\ConsoleApplication1\sorttable.h(136,26): warning C4101: tmpi: неиспользованная локальная переменная
C:\Users\mihai\source\repos\HTable\ConsoleApplication1\sorttable.h(175,31): warning C4018: <: несоответствие типов со знаком и без знака
C:\Users\mihai\source\repos\HTable\ConsoleApplication1\sorttable.h(187,27): warning C4018: <: несоответствие типов со знаком и без знака
  Создание кода...
  ConsoleApplication1.vcxproj -> C:\Users\mihai\source\repos\HTable\x64\Debug\Table.exe
